This is pdfTeX, Version 3.14159265-2.6-1.40.20 (MiKTeX 2.9.7000) (preloaded format=pdflatex 2019.4.13)  31 MAY 2019 15:52
entering extended mode
**./project5_report.tex
(project5_report.tex
LaTeX2e <2018-04-01> patch level 5
(/usr/local/share/miktex-texmf/tex/latex/base/article.cls
Document Class: article 2014/09/29 v1.4h Standard LaTeX document class
(/usr/local/share/miktex-texmf/tex/latex/base/size12.clo
File: size12.clo 2014/09/29 v1.4h Standard LaTeX file (size option)
)
\c@part=\count80
\c@section=\count81
\c@subsection=\count82
\c@subsubsection=\count83
\c@paragraph=\count84
\c@subparagraph=\count85
\c@figure=\count86
\c@table=\count87
\abovecaptionskip=\skip41
\belowcaptionskip=\skip42
\bibindent=\dimen102
)
(/usr/local/share/miktex-texmf/tex/generic/babel/babel.sty
Package: babel 2018/10/16 3.26 The Babel package

(/usr/local/share/miktex-texmf/tex/generic/babel/switch.def
File: switch.def 2018/10/16 3.26 Babel switching mechanism
)
*************************************
* Local config file bblopts.cfg used
*
(/home/hermann/.miktex/texmfs/install/tex/latex/arabi/bblopts.cfg
File: bblopts.cfg 2005/09/08 v0.1 add Arabic and Farsi to "declared" options of
 babel
)
(/usr/local/share/miktex-texmf/tex/latex/babel-english/english.ldf
Language: english 2017/06/06 v3.3r English support from the babel system

(/usr/local/share/miktex-texmf/tex/generic/babel/babel.def
File: babel.def 2018/10/16 3.26 Babel common definitions
\babel@savecnt=\count88
\U@D=\dimen103

(/usr/local/share/miktex-texmf/tex/generic/babel/txtbabel.def)
\bbl@dirlevel=\count89
)
\l@british = a dialect from \language\l@english 
\l@UKenglish = a dialect from \language\l@english 
\l@american = a dialect from \language\l@english 
\l@canadian = a dialect from \language\l@american 
\l@australian = a dialect from \language\l@british 
\l@newzealand = a dialect from \language\l@british 
))
(/usr/local/share/miktex-texmf/tex/latex/base/inputenc.sty
Package: inputenc 2018/04/06 v1.3b Input encoding file
\inpenc@prehook=\toks14
\inpenc@posthook=\toks15

(/home/hermann/.miktex/texmfs/install/tex/latex/ucs/utf8x.def
File: utf8x.def 2004/10/17 UCS: Input encoding UTF-8
))
(/home/hermann/.miktex/texmfs/install/tex/latex/ucs/ucs.sty
Package: ucs 2013/05/11 v2.2 UCS: Unicode input support

(/home/hermann/.miktex/texmfs/install/tex/latex/ucs/uni-global.def
File: uni-global.def 2013/05/13 UCS: Unicode global data
)
\uc@secondtry=\count90
\uc@combtoks=\toks16
\uc@combtoksb=\toks17
\uc@temptokena=\toks18
)
(/home/hermann/.miktex/texmfs/install/tex/latex/caption/caption.sty
Package: caption 2018/10/06 v3.3-154 Customizing captions (AR)

(/home/hermann/.miktex/texmfs/install/tex/latex/caption/caption3.sty
Package: caption3 2018/09/12 v1.8c caption3 kernel (AR)
Package caption3 Info: TeX engine: e-TeX on input line 64.

(/usr/local/share/miktex-texmf/tex/latex/graphics/keyval.sty
Package: keyval 2014/10/28 v1.15 key=value parser (DPC)
\KV@toks@=\toks19
)
\captionmargin=\dimen104
\captionmargin@=\dimen105
\captionwidth=\dimen106
\caption@tempdima=\dimen107
\caption@indent=\dimen108
\caption@parindent=\dimen109
\caption@hangindent=\dimen110
)
\c@caption@flags=\count91
\c@ContinuedFloat=\count92
)
(/usr/local/share/miktex-texmf/tex/latex/amsmath/amsmath.sty
Package: amsmath 2017/09/02 v2.17a AMS math features
\@mathmargin=\skip43

For additional information on amsmath, use the `?' option.
(/usr/local/share/miktex-texmf/tex/latex/amsmath/amstext.sty
Package: amstext 2000/06/29 v2.01 AMS text

(/usr/local/share/miktex-texmf/tex/latex/amsmath/amsgen.sty
File: amsgen.sty 1999/11/30 v2.0 generic functions
\@emptytoks=\toks20
\ex@=\dimen111
))
(/usr/local/share/miktex-texmf/tex/latex/amsmath/amsbsy.sty
Package: amsbsy 1999/11/29 v1.2d Bold Symbols
\pmbraise@=\dimen112
)
(/usr/local/share/miktex-texmf/tex/latex/amsmath/amsopn.sty
Package: amsopn 2016/03/08 v2.02 operator names
)
\inf@bad=\count93
LaTeX Info: Redefining \frac on input line 213.
\uproot@=\count94
\leftroot@=\count95
LaTeX Info: Redefining \overline on input line 375.
\classnum@=\count96
\DOTSCASE@=\count97
LaTeX Info: Redefining \ldots on input line 472.
LaTeX Info: Redefining \dots on input line 475.
LaTeX Info: Redefining \cdots on input line 596.
\Mathstrutbox@=\box26
\strutbox@=\box27
\big@size=\dimen113
LaTeX Font Info:    Redeclaring font encoding OML on input line 712.
LaTeX Font Info:    Redeclaring font encoding OMS on input line 713.
\macc@depth=\count98
\c@MaxMatrixCols=\count99
\dotsspace@=\muskip10
\c@parentequation=\count100
\dspbrk@lvl=\count101
\tag@help=\toks21
\row@=\count102
\column@=\count103
\maxfields@=\count104
\andhelp@=\toks22
\eqnshift@=\dimen114
\alignsep@=\dimen115
\tagshift@=\dimen116
\tagwidth@=\dimen117
\totwidth@=\dimen118
\lineht@=\dimen119
\@envbody=\toks23
\multlinegap=\skip44
\multlinetaggap=\skip45
\mathdisplay@stack=\toks24
LaTeX Info: Redefining \[ on input line 2817.
LaTeX Info: Redefining \] on input line 2818.
)
(/usr/local/share/miktex-texmf/tex/latex/graphics/graphicx.sty
Package: graphicx 2017/06/01 v1.1a Enhanced LaTeX Graphics (DPC,SPQR)

(/usr/local/share/miktex-texmf/tex/latex/graphics/graphics.sty
Package: graphics 2017/06/25 v1.2c Standard LaTeX Graphics (DPC,SPQR)

(/usr/local/share/miktex-texmf/tex/latex/graphics/trig.sty
Package: trig 2016/01/03 v1.10 sin cos tan (DPC)
)
(/usr/local/share/miktex-texmf/tex/latex/graphics-cfg/graphics.cfg
File: graphics.cfg 2016/06/04 v1.11 sample graphics configuration
)
Package graphics Info: Driver file: pdftex.def on input line 99.

(/usr/local/share/miktex-texmf/tex/latex/graphics-def/pdftex.def
File: pdftex.def 2018/01/08 v1.0l Graphics/color driver for pdftex
))
\Gin@req@height=\dimen120
\Gin@req@width=\dimen121
)
(/home/hermann/.miktex/texmfs/install/tex/latex/todonotes/todonotes.sty
Package: todonotes 2019/01/24 v1.1.2 Todonotes source and documentation.
Package: todonotes 2018/11/22

(/usr/local/share/miktex-texmf/tex/latex/base/ifthen.sty
Package: ifthen 2014/09/29 v1.1c Standard LaTeX ifthen package (DPC)
)
(/usr/local/share/miktex-texmf/tex/latex/xkeyval/xkeyval.sty
Package: xkeyval 2014/12/03 v2.7a package option processing (HA)

(/usr/local/share/miktex-texmf/tex/generic/xkeyval/xkeyval.tex
(/usr/local/share/miktex-texmf/tex/generic/xkeyval/xkvutils.tex
\XKV@toks=\toks25
\XKV@tempa@toks=\toks26
)
\XKV@depth=\count105
File: xkeyval.tex 2014/12/03 v2.7a key=value parser (HA)
))
(/home/hermann/.miktex/texmfs/install/tex/latex/xcolor/xcolor.sty
Package: xcolor 2016/05/11 v2.12 LaTeX color extensions (UK)

(/usr/local/share/miktex-texmf/tex/latex/graphics-cfg/color.cfg
File: color.cfg 2016/01/02 v1.6 sample color configuration
)
Package xcolor Info: Driver file: pdftex.def on input line 225.
Package xcolor Info: Model `cmy' substituted by `cmy0' on input line 1348.
Package xcolor Info: Model `hsb' substituted by `rgb' on input line 1352.
Package xcolor Info: Model `RGB' extended on input line 1364.
Package xcolor Info: Model `HTML' substituted by `rgb' on input line 1366.
Package xcolor Info: Model `Hsb' substituted by `hsb' on input line 1367.
Package xcolor Info: Model `tHsb' substituted by `hsb' on input line 1368.
Package xcolor Info: Model `HSB' substituted by `hsb' on input line 1369.
Package xcolor Info: Model `Gray' substituted by `gray' on input line 1370.
Package xcolor Info: Model `wave' substituted by `hsb' on input line 1371.
)
(/home/hermann/.miktex/texmfs/install/tex/latex/pgf/frontendlayer/tikz.sty
(/home/hermann/.miktex/texmfs/install/tex/latex/pgf/basiclayer/pgf.sty
(/home/hermann/.miktex/texmfs/install/tex/latex/pgf/utilities/pgfrcs.sty
(/home/hermann/.miktex/texmfs/install/tex/generic/pgf/utilities/pgfutil-common.
tex
\pgfutil@everybye=\toks27
\pgfutil@tempdima=\dimen122
\pgfutil@tempdimb=\dimen123

(/home/hermann/.miktex/texmfs/install/tex/generic/pgf/utilities/pgfutil-common-
lists.tex))
(/home/hermann/.miktex/texmfs/install/tex/generic/pgf/utilities/pgfutil-latex.d
ef
\pgfutil@abb=\box28
 (/home/hermann/.miktex/texmfs/install/tex/latex/ms/everyshi.sty
Package: everyshi 2001/05/15 v3.00 EveryShipout Package (MS)
))
(/home/hermann/.miktex/texmfs/install/tex/generic/pgf/utilities/pgfrcs.code.tex
Package: pgfrcs 2015/08/07 v3.0.1a (rcs-revision 1.31)
))
Package: pgf 2015/08/07 v3.0.1a (rcs-revision 1.15)
 (/home/hermann/.miktex/texmfs/install/tex/latex/pgf/basiclayer/pgfcore.sty
(/home/hermann/.miktex/texmfs/install/tex/latex/pgf/systemlayer/pgfsys.sty
(/home/hermann/.miktex/texmfs/install/tex/generic/pgf/systemlayer/pgfsys.code.t
ex
Package: pgfsys 2014/07/09 v3.0.1a (rcs-revision 1.48)

(/home/hermann/.miktex/texmfs/install/tex/generic/pgf/utilities/pgfkeys.code.te
x
\pgfkeys@pathtoks=\toks28
\pgfkeys@temptoks=\toks29

(/home/hermann/.miktex/texmfs/install/tex/generic/pgf/utilities/pgfkeysfiltered
.code.tex
\pgfkeys@tmptoks=\toks30
))
\pgf@x=\dimen124
\pgf@y=\dimen125
\pgf@xa=\dimen126
\pgf@ya=\dimen127
\pgf@xb=\dimen128
\pgf@yb=\dimen129
\pgf@xc=\dimen130
\pgf@yc=\dimen131
\w@pgf@writea=\write3
\r@pgf@reada=\read1
\c@pgf@counta=\count106
\c@pgf@countb=\count107
\c@pgf@countc=\count108
\c@pgf@countd=\count109
\t@pgf@toka=\toks31
\t@pgf@tokb=\toks32
\t@pgf@tokc=\toks33

(/home/hermann/.miktex/texmfs/install/tex/generic/pgf/systemlayer/pgf.cfg
File: pgf.cfg 2008/05/14  (rcs-revision 1.7)
)
Driver file for pgf: pgfsys-pdftex.def

(/home/hermann/.miktex/texmfs/install/tex/generic/pgf/systemlayer/pgfsys-pdftex
.def
File: pgfsys-pdftex.def 2014/10/11  (rcs-revision 1.35)

(/home/hermann/.miktex/texmfs/install/tex/generic/pgf/systemlayer/pgfsys-common
-pdf.def
File: pgfsys-common-pdf.def 2013/10/10  (rcs-revision 1.13)
)))
(/home/hermann/.miktex/texmfs/install/tex/generic/pgf/systemlayer/pgfsyssoftpat
h.code.tex
File: pgfsyssoftpath.code.tex 2013/09/09  (rcs-revision 1.9)
\pgfsyssoftpath@smallbuffer@items=\count110
\pgfsyssoftpath@bigbuffer@items=\count111
)
(/home/hermann/.miktex/texmfs/install/tex/generic/pgf/systemlayer/pgfsysprotoco
l.code.tex
File: pgfsysprotocol.code.tex 2006/10/16  (rcs-revision 1.4)
))
(/home/hermann/.miktex/texmfs/install/tex/generic/pgf/basiclayer/pgfcore.code.t
ex
Package: pgfcore 2010/04/11 v3.0.1a (rcs-revision 1.7)
 (/home/hermann/.miktex/texmfs/install/tex/generic/pgf/math/pgfmath.code.tex
(/home/hermann/.miktex/texmfs/install/tex/generic/pgf/math/pgfmathcalc.code.tex

(/home/hermann/.miktex/texmfs/install/tex/generic/pgf/math/pgfmathutil.code.tex
)
(/home/hermann/.miktex/texmfs/install/tex/generic/pgf/math/pgfmathparser.code.t
ex
\pgfmath@dimen=\dimen132
\pgfmath@count=\count112
\pgfmath@box=\box29
\pgfmath@toks=\toks34
\pgfmath@stack@operand=\toks35
\pgfmath@stack@operation=\toks36
)
(/home/hermann/.miktex/texmfs/install/tex/generic/pgf/math/pgfmathfunctions.cod
e.tex
(/home/hermann/.miktex/texmfs/install/tex/generic/pgf/math/pgfmathfunctions.bas
ic.code.tex)
(/home/hermann/.miktex/texmfs/install/tex/generic/pgf/math/pgfmathfunctions.tri
gonometric.code.tex)
(/home/hermann/.miktex/texmfs/install/tex/generic/pgf/math/pgfmathfunctions.ran
dom.code.tex)
(/home/hermann/.miktex/texmfs/install/tex/generic/pgf/math/pgfmathfunctions.com
parison.code.tex)
(/home/hermann/.miktex/texmfs/install/tex/generic/pgf/math/pgfmathfunctions.bas
e.code.tex)
(/home/hermann/.miktex/texmfs/install/tex/generic/pgf/math/pgfmathfunctions.rou
nd.code.tex)
(/home/hermann/.miktex/texmfs/install/tex/generic/pgf/math/pgfmathfunctions.mis
c.code.tex)
(/home/hermann/.miktex/texmfs/install/tex/generic/pgf/math/pgfmathfunctions.int
egerarithmetics.code.tex)))
(/home/hermann/.miktex/texmfs/install/tex/generic/pgf/math/pgfmathfloat.code.te
x
\c@pgfmathroundto@lastzeros=\count113
))
(/home/hermann/.miktex/texmfs/install/tex/generic/pgf/basiclayer/pgfcorepoints.
code.tex
File: pgfcorepoints.code.tex 2013/10/07  (rcs-revision 1.27)
\pgf@picminx=\dimen133
\pgf@picmaxx=\dimen134
\pgf@picminy=\dimen135
\pgf@picmaxy=\dimen136
\pgf@pathminx=\dimen137
\pgf@pathmaxx=\dimen138
\pgf@pathminy=\dimen139
\pgf@pathmaxy=\dimen140
\pgf@xx=\dimen141
\pgf@xy=\dimen142
\pgf@yx=\dimen143
\pgf@yy=\dimen144
\pgf@zx=\dimen145
\pgf@zy=\dimen146
)
(/home/hermann/.miktex/texmfs/install/tex/generic/pgf/basiclayer/pgfcorepathcon
struct.code.tex
File: pgfcorepathconstruct.code.tex 2013/10/07  (rcs-revision 1.29)
\pgf@path@lastx=\dimen147
\pgf@path@lasty=\dimen148
)
(/home/hermann/.miktex/texmfs/install/tex/generic/pgf/basiclayer/pgfcorepathusa
ge.code.tex
File: pgfcorepathusage.code.tex 2014/11/02  (rcs-revision 1.24)
\pgf@shorten@end@additional=\dimen149
\pgf@shorten@start@additional=\dimen150
)
(/home/hermann/.miktex/texmfs/install/tex/generic/pgf/basiclayer/pgfcorescopes.
code.tex
File: pgfcorescopes.code.tex 2015/05/08  (rcs-revision 1.46)
\pgfpic=\box30
\pgf@hbox=\box31
\pgf@layerbox@main=\box32
\pgf@picture@serial@count=\count114
)
(/home/hermann/.miktex/texmfs/install/tex/generic/pgf/basiclayer/pgfcoregraphic
state.code.tex
File: pgfcoregraphicstate.code.tex 2014/11/02  (rcs-revision 1.12)
\pgflinewidth=\dimen151
)
(/home/hermann/.miktex/texmfs/install/tex/generic/pgf/basiclayer/pgfcoretransfo
rmations.code.tex
File: pgfcoretransformations.code.tex 2015/08/07  (rcs-revision 1.20)
\pgf@pt@x=\dimen152
\pgf@pt@y=\dimen153
\pgf@pt@temp=\dimen154
)
(/home/hermann/.miktex/texmfs/install/tex/generic/pgf/basiclayer/pgfcorequick.c
ode.tex
File: pgfcorequick.code.tex 2008/10/09  (rcs-revision 1.3)
)
(/home/hermann/.miktex/texmfs/install/tex/generic/pgf/basiclayer/pgfcoreobjects
.code.tex
File: pgfcoreobjects.code.tex 2006/10/11  (rcs-revision 1.2)
)
(/home/hermann/.miktex/texmfs/install/tex/generic/pgf/basiclayer/pgfcorepathpro
cessing.code.tex
File: pgfcorepathprocessing.code.tex 2013/09/09  (rcs-revision 1.9)
)
(/home/hermann/.miktex/texmfs/install/tex/generic/pgf/basiclayer/pgfcorearrows.
code.tex
File: pgfcorearrows.code.tex 2015/05/14  (rcs-revision 1.43)
\pgfarrowsep=\dimen155
)
(/home/hermann/.miktex/texmfs/install/tex/generic/pgf/basiclayer/pgfcoreshade.c
ode.tex
File: pgfcoreshade.code.tex 2013/07/15  (rcs-revision 1.15)
\pgf@max=\dimen156
\pgf@sys@shading@range@num=\count115
)
(/home/hermann/.miktex/texmfs/install/tex/generic/pgf/basiclayer/pgfcoreimage.c
ode.tex
File: pgfcoreimage.code.tex 2013/07/15  (rcs-revision 1.18)

(/home/hermann/.miktex/texmfs/install/tex/generic/pgf/basiclayer/pgfcoreexterna
l.code.tex
File: pgfcoreexternal.code.tex 2014/07/09  (rcs-revision 1.21)
\pgfexternal@startupbox=\box33
))
(/home/hermann/.miktex/texmfs/install/tex/generic/pgf/basiclayer/pgfcorelayers.
code.tex
File: pgfcorelayers.code.tex 2013/07/18  (rcs-revision 1.7)
)
(/home/hermann/.miktex/texmfs/install/tex/generic/pgf/basiclayer/pgfcoretranspa
rency.code.tex
File: pgfcoretransparency.code.tex 2013/09/30  (rcs-revision 1.5)
)
(/home/hermann/.miktex/texmfs/install/tex/generic/pgf/basiclayer/pgfcorepattern
s.code.tex
File: pgfcorepatterns.code.tex 2013/11/07  (rcs-revision 1.5)
)))
(/home/hermann/.miktex/texmfs/install/tex/generic/pgf/modules/pgfmoduleshapes.c
ode.tex
File: pgfmoduleshapes.code.tex 2014/03/21  (rcs-revision 1.35)
\pgfnodeparttextbox=\box34
)
(/home/hermann/.miktex/texmfs/install/tex/generic/pgf/modules/pgfmoduleplot.cod
e.tex
File: pgfmoduleplot.code.tex 2015/08/03  (rcs-revision 1.13)
)
(/home/hermann/.miktex/texmfs/install/tex/latex/pgf/compatibility/pgfcomp-versi
on-0-65.sty
Package: pgfcomp-version-0-65 2007/07/03 v3.0.1a (rcs-revision 1.7)
\pgf@nodesepstart=\dimen157
\pgf@nodesepend=\dimen158
)
(/home/hermann/.miktex/texmfs/install/tex/latex/pgf/compatibility/pgfcomp-versi
on-1-18.sty
Package: pgfcomp-version-1-18 2007/07/23 v3.0.1a (rcs-revision 1.1)
))
(/home/hermann/.miktex/texmfs/install/tex/latex/pgf/utilities/pgffor.sty
(/home/hermann/.miktex/texmfs/install/tex/latex/pgf/utilities/pgfkeys.sty
(/home/hermann/.miktex/texmfs/install/tex/generic/pgf/utilities/pgfkeys.code.te
x)) (/home/hermann/.miktex/texmfs/install/tex/latex/pgf/math/pgfmath.sty
(/home/hermann/.miktex/texmfs/install/tex/generic/pgf/math/pgfmath.code.tex))
(/home/hermann/.miktex/texmfs/install/tex/generic/pgf/utilities/pgffor.code.tex
Package: pgffor 2013/12/13 v3.0.1a (rcs-revision 1.25)
(/home/hermann/.miktex/texmfs/install/tex/generic/pgf/math/pgfmath.code.tex)
\pgffor@iter=\dimen159
\pgffor@skip=\dimen160
\pgffor@stack=\toks37
\pgffor@toks=\toks38
))
(/home/hermann/.miktex/texmfs/install/tex/generic/pgf/frontendlayer/tikz/tikz.c
ode.tex
Package: tikz 2015/08/07 v3.0.1a (rcs-revision 1.151)

(/home/hermann/.miktex/texmfs/install/tex/generic/pgf/libraries/pgflibraryploth
andlers.code.tex
File: pgflibraryplothandlers.code.tex 2013/08/31 v3.0.1a (rcs-revision 1.20)
\pgf@plot@mark@count=\count116
\pgfplotmarksize=\dimen161
)
\tikz@lastx=\dimen162
\tikz@lasty=\dimen163
\tikz@lastxsaved=\dimen164
\tikz@lastysaved=\dimen165
\tikzleveldistance=\dimen166
\tikzsiblingdistance=\dimen167
\tikz@figbox=\box35
\tikz@figbox@bg=\box36
\tikz@tempbox=\box37
\tikz@tempbox@bg=\box38
\tikztreelevel=\count117
\tikznumberofchildren=\count118
\tikznumberofcurrentchild=\count119
\tikz@fig@count=\count120

(/home/hermann/.miktex/texmfs/install/tex/generic/pgf/modules/pgfmodulematrix.c
ode.tex
File: pgfmodulematrix.code.tex 2013/09/17  (rcs-revision 1.8)
\pgfmatrixcurrentrow=\count121
\pgfmatrixcurrentcolumn=\count122
\pgf@matrix@numberofcolumns=\count123
)
\tikz@expandcount=\count124

(/home/hermann/.miktex/texmfs/install/tex/generic/pgf/frontendlayer/tikz/librar
ies/tikzlibrarytopaths.code.tex
File: tikzlibrarytopaths.code.tex 2008/06/17 v3.0.1a (rcs-revision 1.2)
)))
(/home/hermann/.miktex/texmfs/install/tex/generic/pgf/frontendlayer/tikz/librar
ies/tikzlibrarypositioning.code.tex
File: tikzlibrarypositioning.code.tex 2008/10/06 v3.0.1a (rcs-revision 1.7)
)
(/home/hermann/.miktex/texmfs/install/tex/generic/pgf/frontendlayer/tikz/librar
ies/tikzlibraryshadows.code.tex
File: tikzlibraryshadows.code.tex 2008/01/13 v3.0.1a (rcs-revision 1.3)

(/home/hermann/.miktex/texmfs/install/tex/generic/pgf/frontendlayer/tikz/librar
ies/tikzlibraryfadings.code.tex
File: tikzlibraryfadings.code.tex 2009/11/15 v3.0.1a (rcs-revision 1.2)

(/home/hermann/.miktex/texmfs/install/tex/generic/pgf/libraries/pgflibraryfadin
gs.code.tex
File: pgflibraryfadings.code.tex 2008/02/07 v3.0.1a (rcs-revision 1.3)
))) (/usr/local/share/miktex-texmf/tex/latex/tools/calc.sty
Package: calc 2017/05/25 v4.3 Infix arithmetic (KKT,FJ)
\calc@Acount=\count125
\calc@Bcount=\count126
\calc@Adimen=\dimen168
\calc@Bdimen=\dimen169
\calc@Askip=\skip46
\calc@Bskip=\skip47
LaTeX Info: Redefining \setlength on input line 80.
LaTeX Info: Redefining \addtolength on input line 81.
\calc@Ccount=\count127
\calc@Cskip=\skip48
)
\c@@todonotes@numberoftodonotes=\count128
)
(/usr/local/share/miktex-texmf/tex/latex/tools/tabularx.sty
Package: tabularx 2016/02/03 v2.11b `tabularx' package (DPC)

(/usr/local/share/miktex-texmf/tex/latex/tools/array.sty
Package: array 2018/04/30 v2.4h Tabular extension package (FMi)
\col@sep=\dimen170
\ar@mcellbox=\box39
\extrarowheight=\dimen171
\NC@list=\toks39
\extratabsurround=\skip49
\backup@length=\skip50
\ar@cellbox=\box40
)
\TX@col@width=\dimen172
\TX@old@table=\dimen173
\TX@old@col=\dimen174
\TX@target=\dimen175
\TX@delta=\dimen176
\TX@cols=\count129
\TX@ftn=\toks40
) (project5_report.aux)
\openout1 = `project5_report.aux'.

LaTeX Font Info:    Checking defaults for OML/cmm/m/it on input line 10.
LaTeX Font Info:    ... okay on input line 10.
LaTeX Font Info:    Checking defaults for T1/cmr/m/n on input line 10.
LaTeX Font Info:    ... okay on input line 10.
LaTeX Font Info:    Checking defaults for OT1/cmr/m/n on input line 10.
LaTeX Font Info:    ... okay on input line 10.
LaTeX Font Info:    Checking defaults for OMS/cmsy/m/n on input line 10.
LaTeX Font Info:    ... okay on input line 10.
LaTeX Font Info:    Checking defaults for OMX/cmex/m/n on input line 10.
LaTeX Font Info:    ... okay on input line 10.
LaTeX Font Info:    Checking defaults for U/cmr/m/n on input line 10.
LaTeX Font Info:    ... okay on input line 10.
 (/home/hermann/.miktex/texmfs/install/tex/latex/ucs/ucsencs.def
File: ucsencs.def 2011/01/21 Fixes to fontencodings LGR, T3
)
Package caption Info: Begin \AtBeginDocument code.
Package caption Info: End \AtBeginDocument code.

(/home/hermann/.miktex/texmfs/install/tex/context/base/supp-pdf.mkii
[Loading MPS to PDF converter (version 2006.09.02).]
\scratchcounter=\count130
\scratchdimen=\dimen177
\scratchbox=\box41
\nofMPsegments=\count131
\nofMParguments=\count132
\everyMPshowfont=\toks41
\MPscratchCnt=\count133
\MPscratchDim=\dimen178
\MPnumerator=\count134
\makeMPintoPDFobject=\count135
\everyMPtoPDFconversion=\toks42
) (/usr/local/share/miktex-texmf/tex/latex/oberdiek/epstopdf-base.sty
Package: epstopdf-base 2016/05/15 v2.6 Base part for package epstopdf

(/usr/local/share/miktex-texmf/tex/generic/oberdiek/infwarerr.sty
Package: infwarerr 2016/05/16 v1.4 Providing info/warning/error messages (HO)
)
(/usr/local/share/miktex-texmf/tex/latex/oberdiek/grfext.sty
Package: grfext 2016/05/16 v1.2 Manage graphics extensions (HO)

(/usr/local/share/miktex-texmf/tex/generic/oberdiek/kvdefinekeys.sty
Package: kvdefinekeys 2016/05/16 v1.4 Define keys (HO)

(/usr/local/share/miktex-texmf/tex/generic/oberdiek/ltxcmds.sty
Package: ltxcmds 2016/05/16 v1.23 LaTeX kernel commands for general use (HO)
)))
(/usr/local/share/miktex-texmf/tex/latex/oberdiek/kvoptions.sty
Package: kvoptions 2016/05/16 v3.12 Key value format for package options (HO)

(/usr/local/share/miktex-texmf/tex/generic/oberdiek/kvsetkeys.sty
Package: kvsetkeys 2016/05/16 v1.17 Key value parser (HO)

(/usr/local/share/miktex-texmf/tex/generic/oberdiek/etexcmds.sty
Package: etexcmds 2016/05/16 v1.6 Avoid name clashes with e-TeX commands (HO)

(/usr/local/share/miktex-texmf/tex/generic/oberdiek/ifluatex.sty
Package: ifluatex 2016/05/16 v1.4 Provides the ifluatex switch (HO)
Package ifluatex Info: LuaTeX not detected.
))))
(/usr/local/share/miktex-texmf/tex/generic/oberdiek/pdftexcmds.sty
Package: pdftexcmds 2018/09/10 v0.29 Utility functions of pdfTeX for LuaTeX (HO
)

(/usr/local/share/miktex-texmf/tex/generic/oberdiek/ifpdf.sty
Package: ifpdf 2018/09/07 v3.3 Provides the ifpdf switch
)
Package pdftexcmds Info: LuaTeX not detected.
Package pdftexcmds Info: \pdf@primitive is available.
Package pdftexcmds Info: \pdf@ifprimitive is available.
Package pdftexcmds Info: \pdfdraftmode found.
)
Package epstopdf-base Info: Redefining graphics rule for `.eps' on input line 4
38.
Package grfext Info: Graphics extension search list:
(grfext)             [.pdf,.png,.jpg,.mps,.jpeg,.jbig2,.jb2,.PDF,.PNG,.JPG,.JPE
G,.JBIG2,.JB2,.eps]
(grfext)             \AppendGraphicsExtensions on input line 456.
)
ABD: EveryShipout initializing macros

Package todonotes Warning: The length marginparwidth is less than 2cm and will 
most likely cause issues with the appearance of inserted todonotes. The issue c
an be solved by adding a line like \setlength {\marginparwidth }{2cm} prior to 
loading the todonotes package. on input line 10.

<CWU-Logo.png, id=28, 1302.8675pt x 867.24pt>
File: CWU-Logo.png Graphic file (type png)
<use CWU-Logo.png>
Package pdftex.def Info: CWU-Logo.png  used on input line 66.
(pdftex.def)             Requested size: 341.43306pt x 227.26353pt.
[1

{/home/hermann/.miktex/texmfs/data/pdftex/config/pdftex.map} <./CWU-Logo.png>] 
(project5_report.toc)
\tf@toc=\write4
\openout4 = `project5_report.toc'.

 [1]
Overfull \hbox (4.46951pt too wide) in paragraph at lines 80--81
\OT1/cmr/m/n/12 optimization algorithm was to be implemented then applied to th
ose functions.
 []

<5_20_GC_1.png, id=41, 469.755pt x 469.755pt>
File: 5_20_GC_1.png Graphic file (type png)
<use 5_20_GC_1.png>
Package pdftex.def Info: 5_20_GC_1.png  used on input line 86.
(pdftex.def)             Requested size: 390.0pt x 389.9969pt.

Package caption Warning: \captionsetup{type*=...} or \captionof
(caption)                outside box or environment on input line 87.
See the caption package documentation for explanation.

[2]
<10_20_GC_1.png, id=45, 469.755pt x 469.755pt>
File: 10_20_GC_1.png Graphic file (type png)
<use 10_20_GC_1.png>
Package pdftex.def Info: 10_20_GC_1.png  used on input line 89.
(pdftex.def)             Requested size: 390.0pt x 389.9969pt.
 [3 <./5_20_GC_1.png (PNG copy)>]
<20_20_GC_1.png, id=51, 469.755pt x 469.755pt>
File: 20_20_GC_1.png Graphic file (type png)
<use 20_20_GC_1.png>
Package pdftex.def Info: 20_20_GC_1.png  used on input line 92.
(pdftex.def)             Requested size: 390.0pt x 389.9969pt.
 [4 <./10_20_GC_1.png (PNG copy)>]
<5_50_GC_1.png, id=55, 469.755pt x 469.755pt>
File: 5_50_GC_1.png Graphic file (type png)
<use 5_50_GC_1.png>
Package pdftex.def Info: 5_50_GC_1.png  used on input line 95.
(pdftex.def)             Requested size: 390.0pt x 389.9969pt.
 [5 <./20_20_GC_1.png (PNG copy)>]
<10_50_GC_1.png, id=59, 469.755pt x 469.755pt>
File: 10_50_GC_1.png Graphic file (type png)
<use 10_50_GC_1.png>
Package pdftex.def Info: 10_50_GC_1.png  used on input line 98.
(pdftex.def)             Requested size: 390.0pt x 389.9969pt.
 [6 <./5_50_GC_1.png (PNG copy)>]
<20_50_GC_1.png, id=64, 469.755pt x 469.755pt>
File: 20_50_GC_1.png Graphic file (type png)
<use 20_50_GC_1.png>
Package pdftex.def Info: 20_50_GC_1.png  used on input line 101.
(pdftex.def)             Requested size: 390.0pt x 389.9969pt.
 [7 <./10_50_GC_1.png (PNG copy)>]
<5_100_GC_1.png, id=68, 469.755pt x 469.755pt>
File: 5_100_GC_1.png Graphic file (type png)
<use 5_100_GC_1.png>
Package pdftex.def Info: 5_100_GC_1.png  used on input line 104.
(pdftex.def)             Requested size: 390.0pt x 389.9969pt.
 [8 <./20_50_GC_1.png (PNG copy)>]
<10_100_GC_1.png, id=72, 469.755pt x 469.755pt>
File: 10_100_GC_1.png Graphic file (type png)
<use 10_100_GC_1.png>
Package pdftex.def Info: 10_100_GC_1.png  used on input line 107.
(pdftex.def)             Requested size: 390.0pt x 389.9969pt.
 [9 <./5_100_GC_1.png (PNG copy)>]
<20_100_GC_1.png, id=76, 469.755pt x 469.755pt>
File: 20_100_GC_1.png Graphic file (type png)
<use 20_100_GC_1.png>
Package pdftex.def Info: 20_100_GC_1.png  used on input line 110.
(pdftex.def)             Requested size: 390.0pt x 389.9969pt.
 [10 <./10_100_GC_1.png (PNG copy)>]
<10_200_GC_1.png, id=80, 469.755pt x 469.755pt>
File: 10_200_GC_1.png Graphic file (type png)
<use 10_200_GC_1.png>
Package pdftex.def Info: 10_200_GC_1.png  used on input line 113.
(pdftex.def)             Requested size: 390.0pt x 389.9969pt.
 [11 <./20_100_GC_1.png (PNG copy)>]
<20_200_GC_1.png, id=84, 469.755pt x 469.755pt>
File: 20_200_GC_1.png Graphic file (type png)
<use 20_200_GC_1.png>
Package pdftex.def Info: 20_200_GC_1.png  used on input line 116.
(pdftex.def)             Requested size: 390.0pt x 389.9969pt.

[12 <./10_200_GC_1.png (PNG copy)>]
<20_500_GC_1.png, id=89, 469.755pt x 469.755pt>
File: 20_500_GC_1.png Graphic file (type png)
<use 20_500_GC_1.png>
Package pdftex.def Info: 20_500_GC_1.png  used on input line 119.
(pdftex.def)             Requested size: 390.0pt x 389.9969pt.
 [13 <./20_200_GC_1.png (PNG copy)>]
[14 <./20_500_GC_1.png (PNG copy)>]

LaTeX Warning: Float too large for page by 52.87524pt on input line 181.

[15]

LaTeX Warning: Float too large for page by 65.92516pt on input line 238.

[16]
<5_20_GC_2.png, id=102, 469.755pt x 469.755pt>
File: 5_20_GC_2.png Graphic file (type png)
<use 5_20_GC_2.png>
Package pdftex.def Info: 5_20_GC_2.png  used on input line 288.
(pdftex.def)             Requested size: 390.0pt x 389.9969pt.
 [17



]
<10_20_GC_2.png, id=106, 469.755pt x 469.755pt>
File: 10_20_GC_2.png Graphic file (type png)
<use 10_20_GC_2.png>
Package pdftex.def Info: 10_20_GC_2.png  used on input line 291.
(pdftex.def)             Requested size: 390.0pt x 389.9969pt.
 [18 <./5_20_GC_2.png (PNG copy)>]
<20_20_GC_2.png, id=111, 469.755pt x 469.755pt>
File: 20_20_GC_2.png Graphic file (type png)
<use 20_20_GC_2.png>
Package pdftex.def Info: 20_20_GC_2.png  used on input line 294.
(pdftex.def)             Requested size: 390.0pt x 389.9969pt.
 [19 <./10_20_GC_2.png (PNG copy)>]
<5_50_GC_2.png, id=115, 469.755pt x 469.755pt>
File: 5_50_GC_2.png Graphic file (type png)
<use 5_50_GC_2.png>
Package pdftex.def Info: 5_50_GC_2.png  used on input line 297.
(pdftex.def)             Requested size: 390.0pt x 389.9969pt.

[20 <./20_20_GC_2.png (PNG copy)>]
<10_50_GC_2.png, id=119, 469.755pt x 469.755pt>
File: 10_50_GC_2.png Graphic file (type png)
<use 10_50_GC_2.png>
Package pdftex.def Info: 10_50_GC_2.png  used on input line 300.
(pdftex.def)             Requested size: 390.0pt x 389.9969pt.
 [21 <./5_50_GC_2.png (PNG copy)>]
<20_50_GC_2.png, id=123, 469.755pt x 469.755pt>
File: 20_50_GC_2.png Graphic file (type png)
<use 20_50_GC_2.png>
Package pdftex.def Info: 20_50_GC_2.png  used on input line 303.
(pdftex.def)             Requested size: 390.0pt x 389.9969pt.
 [22 <./10_50_GC_2.png (PNG copy)>]
<5_100_GC_2.png, id=127, 469.755pt x 469.755pt>
File: 5_100_GC_2.png Graphic file (type png)
<use 5_100_GC_2.png>
Package pdftex.def Info: 5_100_GC_2.png  used on input line 306.
(pdftex.def)             Requested size: 390.0pt x 389.9969pt.
 [23 <./20_50_GC_2.png (PNG copy)>]
<10_100_GC_2.png, id=131, 469.755pt x 469.755pt>
File: 10_100_GC_2.png Graphic file (type png)
<use 10_100_GC_2.png>
Package pdftex.def Info: 10_100_GC_2.png  used on input line 309.
(pdftex.def)             Requested size: 390.0pt x 389.9969pt.
 [24 <./5_100_GC_2.png (PNG copy)>]
<20_100_GC_2.png, id=136, 469.755pt x 469.755pt>
File: 20_100_GC_2.png Graphic file (type png)
<use 20_100_GC_2.png>
Package pdftex.def Info: 20_100_GC_2.png  used on input line 312.
(pdftex.def)             Requested size: 390.0pt x 389.9969pt.
 [25 <./10_100_GC_2.png (PNG copy)>]
<10_200_GC_2.png, id=140, 469.755pt x 469.755pt>
File: 10_200_GC_2.png Graphic file (type png)
<use 10_200_GC_2.png>
Package pdftex.def Info: 10_200_GC_2.png  used on input line 315.
(pdftex.def)             Requested size: 390.0pt x 389.9969pt.
 [26 <./20_100_GC_2.png (PNG copy)>]
<20_200_GC_2.png, id=144, 469.755pt x 469.755pt>
File: 20_200_GC_2.png Graphic file (type png)
<use 20_200_GC_2.png>
Package pdftex.def Info: 20_200_GC_2.png  used on input line 318.
(pdftex.def)             Requested size: 390.0pt x 389.9969pt.
 [27 <./10_200_GC_2.png (PNG copy)>]
<20_500_GC_2.png, id=148, 469.755pt x 469.755pt>
File: 20_500_GC_2.png Graphic file (type png)
<use 20_500_GC_2.png>
Package pdftex.def Info: 20_500_GC_2.png  used on input line 321.
(pdftex.def)             Requested size: 390.0pt x 389.9969pt.
 [28 <./20_200_GC_2.png (PNG copy)>]

LaTeX Warning: Float too large for page by 52.87524pt on input line 382.

[29 <./20_500_GC_2.png (PNG copy)>] [30]

LaTeX Warning: Float too large for page by 65.92516pt on input line 439.

[31]
<5_20_GC_3.png, id=162, 469.755pt x 469.755pt>
File: 5_20_GC_3.png Graphic file (type png)
<use 5_20_GC_3.png>
Package pdftex.def Info: 5_20_GC_3.png  used on input line 487.
(pdftex.def)             Requested size: 390.0pt x 389.9969pt.
 [32


]
<10_20_GC_3.png, id=166, 469.755pt x 469.755pt>
File: 10_20_GC_3.png Graphic file (type png)
<use 10_20_GC_3.png>
Package pdftex.def Info: 10_20_GC_3.png  used on input line 490.
(pdftex.def)             Requested size: 390.0pt x 389.9969pt.
 [33 <./5_20_GC_3.png (PNG copy)>]
<20_20_GC_3.png, id=170, 469.755pt x 469.755pt>
File: 20_20_GC_3.png Graphic file (type png)
<use 20_20_GC_3.png>
Package pdftex.def Info: 20_20_GC_3.png  used on input line 493.
(pdftex.def)             Requested size: 390.0pt x 389.9969pt.
 [34 <./10_20_GC_3.png (PNG copy)>]
<5_50_GC_3.png, id=174, 469.755pt x 469.755pt>
File: 5_50_GC_3.png Graphic file (type png)
<use 5_50_GC_3.png>
Package pdftex.def Info: 5_50_GC_3.png  used on input line 496.
(pdftex.def)             Requested size: 390.0pt x 389.9969pt.

[35 <./20_20_GC_3.png (PNG copy)>]
<10_50_GC_3.png, id=178, 469.755pt x 469.755pt>
File: 10_50_GC_3.png Graphic file (type png)
<use 10_50_GC_3.png>
Package pdftex.def Info: 10_50_GC_3.png  used on input line 499.
(pdftex.def)             Requested size: 390.0pt x 389.9969pt.
 [36 <./5_50_GC_3.png (PNG copy)>]
<20_50_GC_3.png, id=183, 469.755pt x 469.755pt>
File: 20_50_GC_3.png Graphic file (type png)
<use 20_50_GC_3.png>
Package pdftex.def Info: 20_50_GC_3.png  used on input line 502.
(pdftex.def)             Requested size: 390.0pt x 389.9969pt.
 [37 <./10_50_GC_3.png (PNG copy)>]
<5_100_GC_3.png, id=187, 469.755pt x 469.755pt>
File: 5_100_GC_3.png Graphic file (type png)
<use 5_100_GC_3.png>
Package pdftex.def Info: 5_100_GC_3.png  used on input line 505.
(pdftex.def)             Requested size: 390.0pt x 389.9969pt.
 [38 <./20_50_GC_3.png (PNG copy)>]
<10_100_GC_3.png, id=191, 469.755pt x 469.755pt>
File: 10_100_GC_3.png Graphic file (type png)
<use 10_100_GC_3.png>
Package pdftex.def Info: 10_100_GC_3.png  used on input line 508.
(pdftex.def)             Requested size: 390.0pt x 389.9969pt.
 [39 <./5_100_GC_3.png (PNG copy)>]
<20_100_GC_3.png, id=195, 469.755pt x 469.755pt>
File: 20_100_GC_3.png Graphic file (type png)
<use 20_100_GC_3.png>
Package pdftex.def Info: 20_100_GC_3.png  used on input line 511.
(pdftex.def)             Requested size: 390.0pt x 389.9969pt.
 [40 <./10_100_GC_3.png (PNG copy)>]
<10_200_GC_3.png, id=199, 469.755pt x 469.755pt>
File: 10_200_GC_3.png Graphic file (type png)
<use 10_200_GC_3.png>
Package pdftex.def Info: 10_200_GC_3.png  used on input line 514.
(pdftex.def)             Requested size: 390.0pt x 389.9969pt.
 [41 <./20_100_GC_3.png (PNG copy)>]
<20_200_GC_3.png, id=203, 469.755pt x 469.755pt>
File: 20_200_GC_3.png Graphic file (type png)
<use 20_200_GC_3.png>
Package pdftex.def Info: 20_200_GC_3.png  used on input line 517.
(pdftex.def)             Requested size: 390.0pt x 389.9969pt.
 [42 <./10_200_GC_3.png (PNG copy)>]
<20_500_GC_3.png, id=208, 469.755pt x 469.755pt>
File: 20_500_GC_3.png Graphic file (type png)
<use 20_500_GC_3.png>
Package pdftex.def Info: 20_500_GC_3.png  used on input line 520.
(pdftex.def)             Requested size: 390.0pt x 389.9969pt.
 [43 <./20_200_GC_3.png (PNG copy)>] [44 <./20_500_GC_3.png (PNG copy)>]

LaTeX Warning: Float too large for page by 47.87524pt on input line 581.


LaTeX Warning: Float too large for page by 65.92516pt on input line 638.

[45

] [46] [47

] [48] (project5_report.aux) ) 
Here is how much of TeX's memory you used:
 14751 strings out of 494887
 290560 string characters out of 3178902
 358910 words of memory out of 3000000
 18043 multiletter control sequences out of 15000+200000
 11680 words of font info for 41 fonts, out of 3000000 for 9000
 0 hyphenation exceptions out of 8191
 62i,9n,80p,909b,338s stack positions out of 5000i,500n,10000p,200000b,50000s
</usr/local/share/miktex-texmf/fonts/type1/public
/amsfonts/cm/cmbx10.pfb></usr/local/share/miktex-texmf/fonts/type1/public/amsfo
nts/cm/cmbx12.pfb></usr/local/share/miktex-texmf/fonts/type1/public/amsfonts/cm
/cmcsc10.pfb></usr/local/share/miktex-texmf/fonts/type1/public/amsfonts/cm/cmr1
0.pfb></usr/local/share/miktex-texmf/fonts/type1/public/amsfonts/cm/cmr12.pfb><
/usr/local/share/miktex-texmf/fonts/type1/public/amsfonts/cm/cmti12.pfb>
Output written on project5_report.pdf (49 pages, 6250198 bytes).
PDF statistics:
 250 PDF objects out of 1000 (max. 8388607)
 0 named destinations out of 1000 (max. 500000)
 294 words of extra memory for PDF output out of 10000 (max. 10000000)

