e:\tonpi\college courses\cwu\cs 440\hw1\fig2.10-11 2016\debug\vc140.pdb
e:\tonpi\college courses\cwu\cs 440\hw1\fig2.10-11 2016\debug\vc140.idb
e:\tonpi\college courses\cwu\cs 440\hw1\fig2.10-11 2016\debug\fig2-10.obj
e:\tonpi\college courses\cwu\cs 440\hw1\fig2.10-11 2016\debug\sys.obj
e:\tonpi\college courses\cwu\cs 440\homework\hw#1\program 2\debug\vc140.pdb
e:\tonpi\college courses\cwu\cs 440\hw1\fig2.10-11 2016\debug\fig2-10.ilk
e:\tonpi\college courses\cwu\cs 440\hw1\fig2.10-11 2016\debug\fig2-10.exe
e:\tonpi\college courses\cwu\cs 440\hw1\fig2.10-11 2016\debug\fig2-10.pdb
e:\tonpi\college courses\cwu\cs 440\homework\hw#1\program 2\debug\fig2-10.ilk
e:\tonpi\college courses\cwu\cs 440\homework\hw#1\program 2\debug\fig2-10.exe
e:\tonpi\college courses\cwu\cs 440\homework\hw#1\program 2\debug\fig2-10.pdb
e:\tonpi\college courses\cwu\cs 440\homework\hw#1\program 2\debug\fig2-10.obj
e:\tonpi\college courses\cwu\cs 440\homework\hw#1\program 2\debug\program 2.obj
e:\tonpi\college courses\cwu\cs 440\homework\hw#1\program 2\debug\program 5.obj
e:\tonpi\college courses\cwu\cs 440\homework\hw#1\program 2\debug\program3.obj
e:\tonpi\college courses\cwu\cs 440\homework\hw#1\program 2\debug\sys.obj
e:\tonpi\college courses\cwu\cs 440\homework\hw#1\program 2\debug\program 2-draw function.ilk
e:\tonpi\college courses\cwu\cs 440\homework\hw#1\program 2\debug\program 3.ilk
e:\tonpi\college courses\cwu\cs 440\homework\hw#1\program 2\debug\program 5-draw function.ilk
e:\tonpi\college courses\cwu\cs 440\homework\hw#1\program 2\debug\vc140.idb
e:\tonpi\college courses\cwu\cs 440\homework\hw#1\program 2\debug\program 2-draw function.pdb
e:\tonpi\college courses\cwu\cs 440\homework\hw#1\program 2\debug\program 3.pdb
e:\tonpi\college courses\cwu\cs 440\homework\hw#1\program 2\debug\program 5-draw function.pdb
e:\tonpi\college courses\cwu\cs 440\homework\hw#1\program 2\.\debug\fig2-10.exe
e:\tonpi\college courses\cwu\cs 440\homework\hw#1\program 2\debug\fig2-10.tlog\cl.command.1.tlog
e:\tonpi\college courses\cwu\cs 440\homework\hw#1\program 2\debug\fig2-10.tlog\cl.read.1.tlog
e:\tonpi\college courses\cwu\cs 440\homework\hw#1\program 2\debug\fig2-10.tlog\cl.write.1.tlog
e:\tonpi\college courses\cwu\cs 440\homework\hw#1\program 2\debug\fig2-10.tlog\link.command.1.tlog
e:\tonpi\college courses\cwu\cs 440\homework\hw#1\program 2\debug\fig2-10.tlog\link.read.1.tlog
e:\tonpi\college courses\cwu\cs 440\homework\hw#1\program 2\debug\fig2-10.tlog\link.write.1.tlog
